<?xml version="1.0" encoding="UTF-8"?>
<!-- Generated by org.testng.reporters.JUnitXMLReporter -->
<testsuite hostname="bijop" name="Default test" tests="2" failures="0" timestamp="24 Aug 2013 17:23:42 GMT" time="0.042" errors="0">
  <testcase name="groupOneTest" time="0.011" classname="org.apache.maven.archetypes.maven_archetype_quickstart.AppTest"/>
  <testcase name="groupTwoTest" time="0.002" classname="org.apache.maven.archetypes.maven_archetype_quickstart.AppTest"/>
</testsuite> <!-- Default test -->
